<?xml version="1.0" encoding="UTF-8"?>
<!-- Generated by org.testng.reporters.JUnitXMLReporter -->
<testsuite hostname="DESKTOP-M2NN2OR" name="Default test" tests="4" failures="0" timestamp="23 Feb 2021 16:50:57 GMT" time="201.477" errors="0">
  <testcase name="login" time="39.88" classname="Test.Mobile.TestSet1"/>
  <testcase name="TestSorting" time="19.887" classname="Test.Mobile.TestSet1"/>
  <testcase name="AddItemToCart" time="36.117" classname="Test.Mobile.TestSet1"/>
  <testcase name="ShoppingCart" time="9.423" classname="Test.Mobile.TestSet1"/>
</testsuite> <!-- Default test -->
