<?xml version="1.0" encoding="UTF-8"?>
<testng-results skipped="0" failed="0" total="1" passed="1">
  <reporter-output>
  </reporter-output>
  <suite name="Default suite" duration-ms="106370" started-at="2021-02-24T06:55:50Z" finished-at="2021-02-24T06:57:37Z">
    <groups>
    </groups>
    <test name="Default test" duration-ms="106370" started-at="2021-02-24T06:55:50Z" finished-at="2021-02-24T06:57:37Z">
      <class name="Test.Mobile.TaskDataDriven">
        <test-method status="PASS" signature="beforeClass()[pri:0, instance:Test.Mobile.TaskDataDriven@52a86356]" name="beforeClass" is-config="true" duration-ms="50913" started-at="2021-02-24T12:25:50Z" finished-at="2021-02-24T12:26:41Z">
          <reporter-output>
          </reporter-output>
        </test-method> <!-- beforeClass -->
        <test-method status="PASS" signature="TestSortingValuesFromxls()[pri:0, instance:Test.Mobile.TaskDataDriven@52a86356]" name="TestSortingValuesFromxls" duration-ms="53984" started-at="2021-02-24T12:26:41Z" finished-at="2021-02-24T12:27:35Z">
          <reporter-output>
          </reporter-output>
        </test-method> <!-- TestSortingValuesFromxls -->
        <test-method status="PASS" signature="afterClass()[pri:0, instance:Test.Mobile.TaskDataDriven@52a86356]" name="afterClass" is-config="true" duration-ms="78" started-at="2021-02-24T12:27:35Z" finished-at="2021-02-24T12:27:36Z">
          <reporter-output>
          </reporter-output>
        </test-method> <!-- afterClass -->
      </class> <!-- Test.Mobile.TaskDataDriven -->
    </test> <!-- Default test -->
  </suite> <!-- Default suite -->
</testng-results>
